<?xml version="1.0" encoding="UTF-8"?>
<!-- Generated by org.testng.reporters.JUnitXMLReporter -->
<testsuite hostname="Vishesh-Raaj" ignored="2" name="Default test" tests="1" failures="0" timestamp="07 Apr 2021 11:45:58 GMT" time="15.96" errors="0">
  <testcase name="filterWebTables" time="1.183" classname="javastreams.WebStreamsPractice"/>
  <testcase name="getPriceTest" time="0.0" classname="javastreams.WebStreamsPractice">
    <ignored/>
  </testcase> <!-- getPriceTest -->
  <testcase name="sortWebTables" time="0.0" classname="javastreams.WebStreamsPractice">
    <ignored/>
  </testcase> <!-- sortWebTables -->
</testsuite> <!-- Default test -->
