<?xml version="1.0" encoding="UTF-8"?>
<testng-results skipped="0" failed="0" total="1" passed="1">
  <reporter-output>
  </reporter-output>
  <suite name="Default suite" duration-ms="14289" started-at="2020-12-31T17:55:45Z" finished-at="2020-12-31T17:55:59Z">
    <groups>
    </groups>
    <test name="Default test" duration-ms="14289" started-at="2020-12-31T17:55:45Z" finished-at="2020-12-31T17:55:59Z">
      <class name="pack4.AddPlaceApi">
        <test-method status="PASS" signature="addPlaceApi()[pri:0, instance:pack4.AddPlaceApi@1936f0f5]" name="addPlaceApi" duration-ms="14251" started-at="2020-12-31T23:25:45Z" finished-at="2020-12-31T23:25:59Z">
          <reporter-output>
          </reporter-output>
        </test-method> <!-- addPlaceApi -->
      </class> <!-- pack4.AddPlaceApi -->
    </test> <!-- Default test -->
  </suite> <!-- Default suite -->
</testng-results>
